eltex-template new
eltex-template new
eltex-template add
eltex-template add
eltex-template add
eltex-template add
eltex-template add
eltex-template add
eltex-template add
eltex-template add
eltex-template add
eltex-template add
eltex-template add
eltex-template add
eltex-template password
eltex-template New
eltex-template Loading
eltex-template Loading
eltex-template Watching
eltex-template Watching
eltex-template Finished
eltex-template Acquired
eltex-template PAM
eltex-template PAM
eltex-template pam_unix(login:session):
eltex-template New
eltex-template pam_unix(systemd-user:session):
eltex-template tech
eltex-template pam_unix(sudo:session):
eltex-template (to
eltex-template pam_unix(su-l:session):
eltex-template Reloading
eltex-template Collecting
eltex-template Loading
eltex-template Loading
eltex-template Finished
eltex-template Reloading
eltex-template Collecting
eltex-template Loading
eltex-template Loading
eltex-template Finished
eltex-template Reloading
eltex-template Collecting
eltex-template Loading
eltex-template Loading
eltex-template Finished
eltex-template Reloading
eltex-template Collecting
eltex-template Loading
eltex-template Loading
eltex-template Finished
eltex-template pam_unix(passwd:chauthtok):
eltex-template pam_unix(cron:session):
eltex-template pam_unix(cron:session):
eltex-template pam_unix(su-l:session):
eltex-template pam_unix(sudo:session):
eltex-template The
eltex-template System
eltex-template New
eltex-template Watching
eltex-template Watching
eltex-template Loading
eltex-template Loading
eltex-template Finished
eltex-template Acquired
eltex-template Creating
eltex-template System
eltex-template New
eltex-template Watching
eltex-template Watching
eltex-template Loading
eltex-template Loading
eltex-template Finished
eltex-template Acquired
eltex-template pam_unix(cron:session):
eltex-template pam_unix(cron:session):
eltex-template Server
eltex-template pam_unix(sshd:auth):
eltex-template Failed
eltex-template Connection
eltex-template Accepted
eltex-template pam_unix(sshd:session):
eltex-template New
eltex-template pam_unix(systemd-user:session):
eltex-template pam_unix(chpasswd:chauthtok):
eltex-template Received
eltex-template Disconnected
eltex-template pam_unix(sshd:session):
eltex-template Session
eltex-template Removed
eltex-template Accepted
eltex-template pam_unix(sshd:session):
eltex-template New
eltex-template pam_unix(systemd-user:session):
eltex-template The
eltex-template Received
eltex-template Disconnected
eltex-template pam_unix(sshd:session):
eltex-template Session
eltex-template Removed
eltex-template System
localhost New
localhost Watching
localhost Watching
localhost Loading
localhost Loading
localhost Finished
localhost Acquired
localhost pam_unix(cron:session):
localhost pam_unix(cron:session):
localhost pam_unix(cron:session):
localhost pam_unix(cron:session):
localhost pam_unix(cron:session):
localhost pam_unix(cron:session):
localhost pam_unix(cron:session):
localhost pam_unix(cron:session):
localhost pam_unix(cron:session):
localhost pam_unix(cron:session):
localhost pam_unix(cron:session):
localhost pam_unix(cron:session):
localhost pam_unix(cron:session):
localhost pam_unix(cron:session):
localhost pam_unix(cron:session):
localhost pam_unix(cron:session):
localhost pam_unix(cron:session):
localhost pam_unix(cron:session):
localhost pam_unix(cron:session):
localhost pam_unix(cron:session):
localhost pam_unix(cron:session):
localhost pam_unix(cron:session):
localhost pam_unix(cron:session):
localhost pam_unix(cron:session):
localhost pam_unix(cron:session):
localhost pam_unix(cron:session):
localhost pam_unix(cron:session):
localhost pam_unix(cron:session):
localhost pam_unix(cron:session):
localhost pam_unix(cron:session):
localhost pam_unix(cron:session):
localhost pam_unix(cron:session):
localhost pam_unix(cron:session):
localhost pam_unix(cron:session):
localhost pam_unix(cron:session):
localhost pam_unix(cron:session):
localhost pam_unix(cron:session):
localhost pam_unix(cron:session):
localhost pam_unix(cron:session):
localhost pam_unix(cron:session):
localhost pam_unix(cron:session):
localhost pam_unix(cron:session):
localhost pam_unix(cron:session):
localhost pam_unix(cron:session):
localhost pam_unix(cron:session):
localhost pam_unix(cron:session):
localhost pam_unix(cron:session):
localhost pam_unix(cron:session):
localhost pam_unix(cron:session):
localhost pam_unix(cron:session):
localhost pam_unix(cron:session):
localhost pam_unix(cron:session):
localhost pam_unix(cron:session):
localhost pam_unix(cron:session):
localhost Server
localhost Accepted
localhost pam_unix(sshd:session):
localhost New
localhost pam_unix(systemd-user:session):
localhost pam_unix(cron:session):
localhost pam_unix(cron:session):
localhost pam_unix(cron:session):
localhost pam_unix(cron:session):
localhost Connection
localhost Connection
localhost Accepted
localhost pam_unix(sshd:session):
localhost New
localhost Received
localhost Disconnected
localhost pam_unix(sshd:session):
localhost Session
localhost Removed
localhost pam_unix(cron:session):
localhost pam_unix(cron:session):
localhost pam_unix(cron:session):
localhost pam_unix(cron:session):
localhost pam_unix(cron:session):
localhost pam_unix(cron:session):
localhost pam_unix(cron:session):
localhost pam_unix(cron:session):
localhost new
localhost new
localhost pam_unix(cron:session):
localhost pam_unix(cron:session):
localhost pam_unix(passwd:chauthtok):
localhost new
localhost new
localhost new
localhost new
localhost change
localhost (to
localhost pam_unix(su:session):
localhost Attempted
localhost pam_unix(su:session):
localhost pam_unix(passwd:chauthtok):
localhost (to
localhost pam_unix(su:session):
localhost Attempted
localhost pam_unix(su:session):
localhost (to
localhost pam_unix(su:session):
localhost pam_unix(cron:session):
localhost pam_unix(cron:session):
localhost user3
localhost pam_unix(su:session):
localhost pam_unix(cron:session):
localhost pam_unix(cron:session):
localhost group
localhost group
localhost new
localhost pam_unix(cron:session):
localhost pam_unix(cron:session):
localhost pam_unix(sshd:session):
localhost Session
localhost Removed
localhost pam_unix(cron:session):
localhost pam_unix(cron:session):
localhost pam_unix(cron:session):
localhost pam_unix(cron:session):
localhost pam_unix(cron:session):
localhost pam_unix(cron:session):
localhost pam_unix(cron:session):
localhost pam_unix(cron:session):
localhost pam_unix(cron:session):
localhost pam_unix(cron:session):
localhost pam_unix(cron:session):
localhost pam_unix(cron:session):
localhost pam_unix(cron:session):
localhost pam_unix(cron:session):
localhost pam_unix(cron:session):
localhost pam_unix(cron:session):
localhost pam_unix(cron:session):
localhost pam_unix(cron:session):
localhost pam_unix(cron:session):
localhost pam_unix(cron:session):
localhost pam_unix(cron:session):
localhost pam_unix(cron:session):
localhost pam_unix(cron:session):
localhost pam_unix(cron:session):
localhost pam_unix(cron:session):
localhost pam_unix(cron:session):
localhost pam_unix(cron:session):
localhost pam_unix(cron:session):
localhost pam_unix(cron:session):
localhost pam_unix(cron:session):
localhost pam_unix(cron:session):
localhost pam_unix(cron:session):
localhost pam_unix(cron:session):
localhost pam_unix(cron:session):
localhost pam_unix(cron:session):
localhost pam_unix(cron:session):
localhost pam_unix(cron:session):
localhost pam_unix(cron:session):
localhost pam_unix(cron:session):
localhost pam_unix(cron:session):
localhost pam_unix(cron:session):
localhost pam_unix(cron:session):
localhost pam_unix(cron:session):
localhost pam_unix(cron:session):
localhost pam_unix(cron:session):
localhost pam_unix(cron:session):
localhost pam_unix(cron:session):
localhost pam_unix(cron:session):
localhost pam_unix(cron:session):
localhost pam_unix(cron:session):
localhost pam_unix(cron:session):
localhost pam_unix(cron:session):
localhost pam_unix(cron:session):
localhost pam_unix(cron:session):
localhost pam_unix(cron:session):
localhost pam_unix(cron:session):
localhost pam_unix(cron:session):
localhost pam_unix(cron:session):
localhost pam_unix(cron:session):
localhost pam_unix(cron:session):
localhost pam_unix(cron:session):
localhost pam_unix(cron:session):
localhost pam_unix(cron:session):
localhost pam_unix(cron:session):
localhost pam_unix(cron:session):
localhost pam_unix(cron:session):
localhost pam_unix(cron:session):
localhost pam_unix(cron:session):
localhost pam_unix(cron:session):
localhost pam_unix(cron:session):
localhost pam_unix(cron:session):
localhost pam_unix(cron:session):
localhost pam_unix(cron:session):
localhost pam_unix(cron:session):
localhost pam_unix(cron:session):
localhost pam_unix(cron:session):
localhost pam_unix(cron:session):
localhost pam_unix(cron:session):
localhost pam_unix(cron:session):
localhost pam_unix(cron:session):
localhost pam_unix(cron:session):
localhost pam_unix(cron:session):
localhost pam_unix(cron:session):
localhost pam_unix(cron:session):
localhost pam_unix(cron:session):
localhost pam_unix(cron:session):
localhost pam_unix(cron:session):
localhost pam_unix(cron:session):
localhost pam_unix(cron:session):
localhost pam_unix(cron:session):
localhost pam_unix(cron:session):
localhost pam_unix(cron:session):
localhost pam_unix(cron:session):
localhost pam_unix(cron:session):
localhost pam_unix(cron:session):
localhost pam_unix(cron:session):
localhost pam_unix(cron:session):
localhost pam_unix(cron:session):
localhost pam_unix(cron:session):
localhost pam_unix(cron:session):
localhost pam_unix(cron:session):
localhost pam_unix(cron:session):
localhost pam_unix(cron:session):
localhost pam_unix(cron:session):
localhost pam_unix(cron:session):
localhost pam_unix(cron:session):
localhost pam_unix(cron:session):
localhost pam_unix(cron:session):
localhost pam_unix(cron:session):
localhost pam_unix(cron:session):
localhost pam_unix(cron:session):
localhost pam_unix(cron:session):
localhost pam_unix(cron:session):
localhost pam_unix(cron:session):
localhost pam_unix(cron:session):
localhost pam_unix(cron:session):
localhost pam_unix(cron:session):
localhost pam_unix(cron:session):
localhost pam_unix(cron:session):
localhost pam_unix(cron:session):
localhost pam_unix(cron:session):
localhost pam_unix(cron:session):
localhost pam_unix(cron:session):
localhost pam_unix(cron:session):
localhost Accepted
localhost pam_unix(sshd:session):
localhost New
localhost pam_unix(systemd-user:session):
localhost pam_unix(cron:session):
localhost pam_unix(cron:session):
localhost pam_unix(cron:session):
localhost pam_unix(cron:session):
localhost pam_unix(cron:session):
localhost pam_unix(cron:session):
localhost pam_unix(cron:session):
localhost pam_unix(cron:session):
localhost pam_unix(cron:session):
localhost pam_unix(cron:session):
localhost pam_unix(cron:session):
localhost pam_unix(cron:session):
localhost pam_unix(cron:session):
localhost pam_unix(cron:session):
localhost pam_unix(cron:session):
localhost pam_unix(cron:session):
localhost pam_unix(cron:session):
localhost pam_unix(cron:session):
localhost pam_unix(cron:session):
localhost pam_unix(cron:session):
localhost pam_unix(cron:session):
localhost pam_unix(cron:session):
localhost pam_unix(cron:session):
localhost pam_unix(cron:session):
localhost pam_unix(cron:session):
localhost pam_unix(cron:session):
localhost pam_unix(cron:session):
localhost pam_unix(cron:session):
localhost pam_unix(cron:session):
localhost pam_unix(cron:session):
localhost pam_unix(cron:session):
localhost pam_unix(cron:session):
localhost pam_unix(cron:session):
localhost pam_unix(cron:session):
localhost (to
localhost pam_unix(su:session):
localhost pam_unix(su:session):
localhost pam_unix(cron:session):
localhost pam_unix(cron:session):
localhost pam_unix(cron:session):
localhost pam_unix(cron:session):
localhost (to
localhost pam_unix(su:session):
localhost pam_unix(su:session):
localhost pam_unix(sshd:session):
localhost Session
localhost Removed
localhost Accepted
localhost pam_unix(sshd:session):
localhost New
localhost pam_unix(systemd-user:session):
localhost (to
localhost pam_unix(su:session):
localhost pam_unix(su:session):
localhost The
localhost System
localhost Exiting
localhost New
localhost Watching
localhost Watching
localhost Loading
localhost Loading
localhost Finished
localhost Acquired
localhost Server
localhost Accepted
localhost pam_unix(sshd:session):
localhost New
localhost pam_unix(systemd-user:session):
localhost (to
localhost pam_unix(su:session):
localhost pam_unix(cron:session):
localhost pam_unix(cron:session):
localhost pam_unix(su:session):
localhost pam_unix(sshd:session):
localhost Session
localhost Removed
localhost pam_unix(cron:session):
localhost pam_unix(cron:session):
localhost pam_unix(cron:session):
localhost pam_unix(cron:session):
localhost pam_unix(cron:session):
localhost pam_unix(cron:session):
localhost pam_unix(cron:session):
localhost pam_unix(cron:session):
localhost pam_unix(cron:session):
localhost pam_unix(cron:session):
localhost pam_unix(cron:session):
localhost pam_unix(cron:session):
localhost pam_unix(cron:session):
localhost pam_unix(cron:session):
localhost pam_unix(cron:session):
localhost pam_unix(cron:session):
localhost pam_unix(cron:session):
localhost pam_unix(cron:session):
localhost pam_unix(cron:session):
localhost pam_unix(cron:session):
localhost pam_unix(cron:session):
localhost pam_unix(cron:session):
localhost pam_unix(cron:session):
localhost pam_unix(cron:session):
localhost pam_unix(cron:session):
localhost pam_unix(cron:session):
localhost pam_unix(cron:session):
localhost pam_unix(cron:session):
localhost pam_unix(cron:session):
localhost pam_unix(cron:session):
localhost pam_unix(cron:session):
localhost pam_unix(cron:session):
localhost pam_unix(cron:session):
localhost pam_unix(cron:session):
localhost pam_unix(cron:session):
localhost pam_unix(cron:session):
localhost pam_unix(cron:session):
localhost pam_unix(cron:session):
localhost pam_unix(cron:session):
localhost pam_unix(cron:session):
localhost pam_unix(cron:session):
localhost pam_unix(cron:session):
localhost pam_unix(cron:session):
localhost pam_unix(cron:session):
localhost pam_unix(cron:session):
localhost pam_unix(cron:session):
localhost pam_unix(cron:session):
localhost pam_unix(cron:session):
localhost pam_unix(cron:session):
localhost pam_unix(cron:session):
localhost pam_unix(cron:session):
localhost pam_unix(cron:session):
localhost pam_unix(cron:session):
localhost pam_unix(cron:session):
localhost pam_unix(cron:session):
localhost pam_unix(cron:session):
localhost pam_unix(cron:session):
localhost pam_unix(cron:session):
localhost pam_unix(cron:session):
localhost pam_unix(cron:session):
localhost pam_unix(cron:session):
localhost pam_unix(cron:session):
localhost pam_unix(cron:session):
localhost pam_unix(cron:session):
localhost pam_unix(cron:session):
localhost pam_unix(cron:session):
localhost pam_unix(cron:session):
localhost pam_unix(cron:session):
localhost pam_unix(cron:session):
localhost pam_unix(cron:session):
localhost pam_unix(cron:session):
localhost pam_unix(cron:session):
localhost pam_unix(cron:session):
localhost pam_unix(cron:session):
localhost pam_unix(cron:session):
localhost pam_unix(cron:session):
localhost pam_unix(cron:session):
localhost pam_unix(cron:session):
localhost pam_unix(cron:session):
localhost pam_unix(cron:session):
localhost pam_unix(cron:session):
localhost pam_unix(cron:session):
localhost pam_unix(cron:session):
localhost pam_unix(cron:session):
localhost pam_unix(cron:session):
localhost pam_unix(cron:session):
localhost pam_unix(cron:session):
localhost pam_unix(cron:session):
localhost pam_unix(cron:session):
localhost pam_unix(cron:session):
localhost pam_unix(cron:session):
localhost pam_unix(cron:session):
localhost pam_unix(cron:session):
localhost pam_unix(cron:session):
localhost pam_unix(cron:session):
localhost pam_unix(cron:session):
localhost pam_unix(cron:session):
localhost pam_unix(cron:session):
localhost pam_unix(cron:session):
localhost pam_unix(cron:session):
localhost pam_unix(cron:session):
localhost pam_unix(cron:session):
localhost pam_unix(cron:session):
localhost pam_unix(cron:session):
localhost pam_unix(cron:session):
localhost pam_unix(cron:session):
localhost pam_unix(cron:session):
localhost pam_unix(cron:session):
localhost pam_unix(cron:session):
localhost pam_unix(cron:session):
localhost pam_unix(cron:session):
localhost pam_unix(cron:session):
localhost pam_unix(cron:session):
localhost pam_unix(cron:session):
localhost pam_unix(cron:session):
localhost pam_unix(cron:session):
localhost pam_unix(cron:session):
localhost pam_unix(cron:session):
localhost pam_unix(cron:session):
localhost pam_unix(cron:session):
localhost pam_unix(cron:session):
localhost pam_unix(cron:session):
localhost pam_unix(cron:session):
localhost pam_unix(cron:session):
localhost pam_unix(cron:session):
localhost pam_unix(cron:session):
localhost pam_unix(cron:session):
localhost pam_unix(cron:session):
localhost pam_unix(cron:session):
localhost pam_unix(cron:session):
localhost pam_unix(cron:session):
localhost pam_unix(cron:session):
localhost pam_unix(cron:session):
localhost pam_unix(cron:session):
localhost pam_unix(cron:session):
localhost pam_unix(cron:session):
localhost pam_unix(cron:session):
localhost pam_unix(cron:session):
localhost pam_unix(cron:session):
localhost pam_unix(cron:session):
localhost pam_unix(cron:session):
localhost pam_unix(cron:session):
localhost pam_unix(cron:session):
localhost pam_unix(cron:session):
localhost pam_unix(cron:session):
localhost pam_unix(cron:session):
localhost pam_unix(cron:session):
localhost pam_unix(cron:session):
localhost pam_unix(cron:session):
localhost pam_unix(cron:session):
localhost pam_unix(cron:session):
localhost pam_unix(cron:session):
localhost Accepted
localhost pam_unix(sshd:session):
localhost New
localhost pam_unix(systemd-user:session):
localhost pam_unix(cron:session):
localhost pam_unix(cron:session):
localhost pam_unix(cron:session):
localhost pam_unix(cron:session):
localhost (to
localhost pam_unix(su:session):
localhost pam_unix(su:session):
localhost (to
localhost pam_unix(su:session):
localhost pam_unix(cron:session):
localhost pam_unix(cron:session):
localhost Accepted
localhost pam_unix(sshd:session):
localhost New
localhost (to
localhost pam_unix(su:session):
localhost pam_unix(cron:session):
localhost pam_unix(cron:session):
localhost pam_unix(su:session):
localhost The
localhost System
localhost Exiting
localhost pam_unix(su:session):
localhost New
localhost Watching
localhost Watching
localhost Loading
localhost Loading
localhost Finished
localhost Acquired
localhost Server
localhost Accepted
localhost pam_unix(sshd:session):
localhost New
localhost pam_unix(systemd-user:session):
localhost (to
localhost pam_unix(su:session):
localhost pam_unix(su:auth):
localhost FAILED
localhost pam_unix(su:auth):
localhost FAILED
localhost pam_unix(su:auth):
localhost FAILED
localhost passwd:
localhost pam_unix(su:session):
localhost (to
localhost pam_unix(su:session):
localhost pam_unix(su:session):
localhost (to
localhost pam_unix(su:session):
localhost Attempted
localhost pam_unix(su:session):
localhost (to
localhost pam_unix(su:session):
localhost pam_unix(su:session):
localhost (to
localhost pam_unix(su:session):
localhost pam_unix(su:session):
localhost pam_unix(cron:session):
localhost pam_unix(cron:session):
localhost pam_unix(cron:session):
localhost pam_unix(cron:session):
localhost pam_unix(cron:session):
localhost pam_unix(cron:session):
localhost pam_unix(cron:session):
localhost pam_unix(cron:session):
localhost pam_unix(cron:session):
localhost pam_unix(cron:session):
localhost pam_unix(cron:session):
localhost pam_unix(cron:session):
localhost pam_unix(cron:session):
localhost pam_unix(cron:session):
localhost pam_unix(cron:session):
localhost pam_unix(cron:session):
localhost pam_unix(cron:session):
localhost pam_unix(cron:session):
localhost pam_unix(cron:session):
localhost pam_unix(cron:session):
localhost pam_unix(cron:session):
localhost pam_unix(cron:session):
localhost pam_unix(cron:session):
localhost pam_unix(cron:session):
localhost pam_unix(cron:session):
localhost pam_unix(cron:session):
localhost pam_unix(cron:session):
localhost pam_unix(cron:session):
localhost pam_unix(cron:session):
localhost pam_unix(cron:session):
localhost pam_unix(cron:session):
localhost pam_unix(cron:session):
localhost pam_unix(cron:session):
localhost pam_unix(cron:session):
eltex-practice2-v1 [system]
eltex-practice2-v1 pam_unix(cron:session):
eltex-practice2-v1 pam_unix(cron:session):
eltex-practice2-v1 (to
eltex-practice2-v1 pam_unix(su:session):
eltex-practice2-v1 pam_unix(su:session):
eltex-practice2-v1 (to
eltex-practice2-v1 pam_unix(su:session):
eltex-practice2-v1 pam_unix(su:session):
eltex-practice2-v1 pam_unix(cron:session):
eltex-practice2-v1 pam_unix(cron:session):
eltex-practice2-v1 (to
eltex-practice2-v1 pam_unix(su:session):
eltex-practice2-v1 (to
eltex-practice2-v1 pam_unix(su:session):
eltex-practice2-v1 (to
eltex-practice2-v1 pam_unix(su:session):
eltex-practice2-v1 Attempted
eltex-practice2-v1 pam_unix(su:session):
eltex-practice2-v1 (to
eltex-practice2-v1 pam_unix(su:session):
eltex-practice2-v1 pam_unix(cron:session):
eltex-practice2-v1 pam_unix(cron:session):
eltex-practice2-v1 pam_unix(cron:session):
eltex-practice2-v1 pam_unix(cron:session):
eltex-practice2-v1 Loading
eltex-practice2-v1 Loading
eltex-practice2-v1 Finished
eltex-practice2-v1 Acquired
eltex-practice2-v1 pam_unix(cron:session):
eltex-practice2-v1 pam_unix(cron:session):
eltex-practice2-v1 user1
eltex-practice2-v1 user1
eltex-practice2-v1 pam_unix(sudo:session):
eltex-practice2-v1 pam_unix(sudo:session):
eltex-practice2-v1 Loading
eltex-practice2-v1 Loading
eltex-practice2-v1 Finished
eltex-practice2-v1 Acquired
eltex-practice2-v1 pam_unix(cron:session):
eltex-practice2-v1 pam_unix(cron:session):
eltex-practice2-v1 Received
eltex-practice2-v1 Server
eltex-practice2-v1 Loading
eltex-practice2-v1 Loading
eltex-practice2-v1 Finished
eltex-practice2-v1 Acquired
eltex-practice2-v1 pam_unix(cron:session):
eltex-practice2-v1 pam_unix(cron:session):
eltex-practice2-v1 Reloading
eltex-practice2-v1 Collecting
eltex-practice2-v1 Loading
eltex-practice2-v1 Loading
eltex-practice2-v1 Finished
eltex-practice2-v1 Reloading
eltex-practice2-v1 Collecting
eltex-practice2-v1 Loading
eltex-practice2-v1 Loading
eltex-practice2-v1 Finished
eltex-practice2-v1 pam_unix(cron:session):
eltex-practice2-v1 pam_unix(cron:session):
eltex-practice2-v1 Loading
eltex-practice2-v1 Loading
eltex-practice2-v1 Finished
eltex-practice2-v1 Acquired
eltex-practice2-v1 pam_unix(cron:session):
eltex-practice2-v1 pam_unix(cron:session):
eltex-practice2-v1 pam_unix(cron:session):
eltex-practice2-v1 pam_unix(cron:session):
eltex-practice2-v1 pam_unix(cron:session):
eltex-practice2-v1 pam_unix(cron:session):
eltex-practice2-v1 pam_unix(cron:session):
eltex-practice2-v1 pam_unix(cron:session):
eltex-practice2-v1 pam_unix(cron:session):
eltex-practice2-v1 pam_unix(cron:session):
eltex-practice2-v1 pam_unix(cron:session):
eltex-practice2-v1 pam_unix(cron:session):
eltex-practice2-v1 pam_unix(cron:session):
eltex-practice2-v1 pam_unix(cron:session):
eltex-practice2-v1 pam_unix(cron:session):
eltex-practice2-v1 pam_unix(cron:session):
eltex-practice2-v1 pam_unix(cron:session):
eltex-practice2-v1 pam_unix(cron:session):
eltex-practice2-v1 pam_unix(cron:session):
eltex-practice2-v1 pam_unix(cron:session):
eltex-practice2-v1 pam_unix(cron:session):
eltex-practice2-v1 pam_unix(cron:session):
eltex-practice2-v1 pam_unix(cron:session):
eltex-practice2-v1 pam_unix(cron:session):
eltex-practice2-v1 pam_unix(cron:session):
eltex-practice2-v1 pam_unix(cron:session):
eltex-practice2-v1 pam_unix(cron:session):
eltex-practice2-v1 pam_unix(cron:session):
eltex-practice2-v1 pam_unix(cron:session):
eltex-practice2-v1 pam_unix(cron:session):
eltex-practice2-v1 pam_unix(cron:session):
eltex-practice2-v1 pam_unix(cron:session):
eltex-practice2-v1 pam_unix(cron:session):
eltex-practice2-v1 pam_unix(cron:session):
eltex-practice2-v1 Reloading
eltex-practice2-v1 Collecting
eltex-practice2-v1 Loading
eltex-practice2-v1 Loading
eltex-practice2-v1 Finished
eltex-practice2-v1 Reloading
eltex-practice2-v1 Collecting
eltex-practice2-v1 Loading
eltex-practice2-v1 Loading
eltex-practice2-v1 Finished
eltex-practice2-v1 Reloading
eltex-practice2-v1 Collecting
eltex-practice2-v1 Loading
eltex-practice2-v1 Loading
eltex-practice2-v1 Finished
eltex-practice2-v1 Reloading
eltex-practice2-v1 Collecting
eltex-practice2-v1 Loading
eltex-practice2-v1 Loading
eltex-practice2-v1 Finished
eltex-practice2-v1 pam_unix(cron:session):
eltex-practice2-v1 pam_unix(cron:session):
eltex-practice2-v1 Loading
eltex-practice2-v1 Loading
eltex-practice2-v1 Finished
eltex-practice2-v1 Acquired
eltex-practice2-v1 pam_unix(cron:session):
eltex-practice2-v1 pam_unix(cron:session):
eltex-practice2-v1 pam_unix(cron:session):
eltex-practice2-v1 pam_unix(cron:session):
eltex-practice2-v1 pam_unix(cron:session):
eltex-practice2-v1 pam_unix(cron:session):
eltex-practice2-v1 changed
eltex-practice2-v1 changed
eltex-practice2-v1 changed
eltex-practice2-v1 pam_unix(sudo:auth):
eltex-practice2-v1 user2
eltex-practice2-v1 Received
eltex-practice2-v1 Server
eltex-practice2-v1 changed
eltex-practice2-v1 changed
eltex-practice2-v1 changed
eltex-practice2-v1 Loading
eltex-practice2-v1 Loading
eltex-practice2-v1 Finished
eltex-practice2-v1 Acquired
eltex-practice2-v1 pam_unix(cron:session):
eltex-practice2-v1 pam_unix(cron:session):
eltex-practice2-v1 pam_unix(cron:session):
eltex-practice2-v1 pam_unix(cron:session):
eltex-practice2-v1 pam_unix(cron:session):
eltex-practice2-v1 pam_unix(cron:session):
eltex-practice2-v1 pam_unix(cron:session):
eltex-practice2-v1 pam_unix(cron:session):
eltex-practice2-v1 Received
eltex-practice2-v1 Server
eltex-practice2-v1 pam_unix(cron:session):
eltex-practice2-v1 pam_unix(cron:session):
eltex-practice2-v1 Received
eltex-practice2-v1 Loading
eltex-practice2-v1 Loading
eltex-practice2-v1 Finished
eltex-practice2-v1 Acquired
eltex-practice2-v1 pam_unix(cron:session):
eltex-practice2-v1 pam_unix(cron:session):
eltex-practice2-v1 Reloading
eltex-practice2-v1 Collecting
eltex-practice2-v1 Loading
eltex-practice2-v1 Loading
eltex-practice2-v1 Finished
eltex-practice2-v1 Reloading
eltex-practice2-v1 Collecting
eltex-practice2-v1 Loading
eltex-practice2-v1 Loading
eltex-practice2-v1 Finished
eltex-practice2-v1 pam_unix(cron:session):
eltex-practice2-v1 pam_unix(cron:session):
eltex-practice2-v1 pam_unix(cron:session):
eltex-practice2-v1 pam_unix(cron:session):
eltex-practice2-v1 pam_unix(cron:session):
eltex-practice2-v1 pam_unix(cron:session):
eltex-practice2-v1 pam_unix(cron:session):
eltex-practice2-v1 pam_unix(cron:session):
eltex-practice2-v1 pam_unix(cron:session):
eltex-practice2-v1 pam_unix(cron:session):
eltex-practice2-v1 pam_unix(cron:session):
eltex-practice2-v1 pam_unix(cron:session):
eltex-practice2-v1 pam_unix(cron:session):
eltex-practice2-v1 pam_unix(cron:session):
eltex-practice2-v1 pam_unix(cron:session):
eltex-practice2-v1 pam_unix(cron:session):
eltex-practice2-v1 pam_unix(cron:session):
eltex-practice2-v1 pam_unix(cron:session):
eltex-practice2-v1 pam_unix(cron:session):
eltex-practice2-v1 pam_unix(cron:session):
eltex-practice2-v1 pam_unix(cron:session):
eltex-practice2-v1 pam_unix(cron:session):
eltex-practice2-v1 pam_unix(cron:session):
eltex-practice2-v1 pam_unix(cron:session):
eltex-practice2-v1 pam_unix(cron:session):
eltex-practice2-v1 pam_unix(cron:session):
eltex-practice2-v1 pam_unix(cron:session):
eltex-practice2-v1 pam_unix(cron:session):
eltex-practice2-v1 syslogin_perform_logout:
eltex-practice2-v1 Session
eltex-practice2-v1 pam_unix(sshd:session):
eltex-practice2-v1 pam_unix(cron:session):
eltex-practice2-v1 pam_unix(cron:session):
eltex-practice2-v1 pam_unix(cron:session):
eltex-practice2-v1 pam_unix(cron:session):
eltex-practice2-v1 pam_unix(cron:session):
eltex-practice2-v1 pam_unix(cron:session):
eltex-practice2-v1 pam_unix(cron:session):
eltex-practice2-v1 pam_unix(cron:session):
eltex-practice2-v1 pam_unix(cron:session):
eltex-practice2-v1 pam_unix(cron:session):
eltex-practice2-v1 pam_unix(cron:session):
eltex-practice2-v1 pam_unix(cron:session):
eltex-practice2-v1 pam_unix(cron:session):
eltex-practice2-v1 pam_unix(cron:session):
localhost New
localhost Watching
localhost Watching
localhost Loading
localhost Loading
localhost Finished
localhost Acquired
localhost pam_unix(cron:session):
localhost pam_unix(cron:session):
localhost pam_unix(cron:session):
localhost pam_unix(cron:session):
localhost pam_unix(cron:session):
localhost pam_unix(cron:session):
localhost pam_unix(cron:session):
localhost pam_unix(cron:session):
localhost pam_unix(cron:session):
localhost pam_unix(cron:session):
localhost pam_unix(cron:session):
localhost pam_unix(cron:session):
localhost pam_unix(cron:session):
localhost pam_unix(cron:session):
localhost pam_unix(cron:session):
localhost pam_unix(cron:session):
localhost pam_unix(cron:session):
localhost pam_unix(cron:session):
localhost pam_unix(cron:session):
localhost pam_unix(cron:session):
localhost pam_unix(cron:session):
localhost pam_unix(cron:session):
localhost pam_unix(cron:session):
localhost pam_unix(cron:session):
localhost pam_unix(cron:session):
localhost pam_unix(cron:session):
localhost pam_unix(cron:session):
localhost pam_unix(cron:session):
localhost pam_unix(cron:session):
localhost pam_unix(cron:session):
localhost pam_unix(cron:session):
localhost pam_unix(cron:session):
localhost pam_unix(cron:session):
localhost pam_unix(cron:session):
localhost pam_unix(cron:session):
localhost pam_unix(cron:session):
localhost pam_unix(cron:session):
localhost pam_unix(cron:session):
localhost pam_unix(cron:session):
localhost pam_unix(cron:session):
localhost pam_unix(cron:session):
localhost pam_unix(cron:session):
localhost pam_unix(cron:session):
localhost pam_unix(cron:session):
localhost pam_unix(cron:session):
localhost pam_unix(cron:session):
localhost pam_unix(cron:session):
localhost pam_unix(cron:session):
localhost pam_unix(cron:session):
localhost pam_unix(cron:session):
localhost pam_unix(cron:session):
localhost pam_unix(cron:session):
localhost pam_unix(cron:session):
localhost pam_unix(cron:session):
localhost pam_unix(cron:session):
localhost pam_unix(cron:session):
localhost pam_unix(cron:session):
localhost pam_unix(cron:session):
localhost pam_unix(cron:session):
localhost pam_unix(cron:session):
localhost pam_unix(cron:session):
localhost pam_unix(cron:session):
localhost pam_unix(cron:session):
localhost pam_unix(cron:session):
localhost pam_unix(cron:session):
localhost pam_unix(cron:session):
localhost pam_unix(cron:session):
localhost pam_unix(cron:session):
localhost pam_unix(cron:session):
localhost pam_unix(cron:session):
localhost pam_unix(cron:session):
localhost pam_unix(cron:session):
localhost pam_unix(cron:session):
localhost pam_unix(cron:session):
localhost pam_unix(cron:session):
localhost pam_unix(cron:session):
localhost pam_unix(cron:session):
localhost pam_unix(cron:session):
localhost pam_unix(cron:session):
localhost pam_unix(cron:session):
localhost pam_unix(cron:session):
localhost pam_unix(cron:session):
localhost pam_unix(cron:session):
localhost pam_unix(cron:session):
localhost pam_unix(cron:session):
localhost pam_unix(cron:session):
localhost pam_unix(cron:session):
localhost pam_unix(cron:session):
localhost pam_unix(cron:session):
localhost pam_unix(cron:session):
localhost pam_unix(cron:session):
localhost pam_unix(cron:session):
localhost pam_unix(cron:session):
localhost pam_unix(cron:session):
localhost pam_unix(cron:session):
localhost pam_unix(cron:session):
localhost pam_unix(cron:session):
localhost pam_unix(cron:session):
localhost pam_unix(cron:session):
localhost pam_unix(cron:session):
localhost pam_unix(cron:session):
localhost pam_unix(cron:session):
localhost pam_unix(cron:session):
localhost pam_unix(cron:session):
localhost pam_unix(cron:session):
localhost pam_unix(cron:session):
localhost pam_unix(cron:session):
localhost pam_unix(cron:session):
localhost pam_unix(cron:session):
localhost pam_unix(cron:session):
localhost pam_unix(cron:session):
localhost pam_unix(cron:session):
localhost pam_unix(cron:session):
localhost pam_unix(cron:session):
localhost pam_unix(cron:session):
localhost pam_unix(cron:session):
localhost pam_unix(cron:session):
localhost pam_unix(cron:session):
localhost pam_unix(cron:session):
localhost pam_unix(cron:session):
localhost pam_unix(cron:session):
localhost pam_unix(cron:session):
localhost pam_unix(cron:session):
localhost pam_unix(cron:session):
localhost pam_unix(cron:session):
localhost pam_unix(cron:session):
localhost pam_unix(cron:session):
localhost pam_unix(cron:session):
localhost pam_unix(cron:session):
localhost pam_unix(cron:session):
localhost pam_unix(cron:session):
localhost pam_unix(cron:session):
localhost pam_unix(cron:session):
localhost pam_unix(cron:session):
localhost pam_unix(cron:session):
localhost pam_unix(cron:session):
localhost pam_unix(cron:session):
localhost pam_unix(cron:session):
localhost pam_unix(cron:session):
localhost pam_unix(cron:session):
localhost pam_unix(cron:session):
localhost pam_unix(cron:session):
localhost pam_unix(cron:session):
localhost pam_unix(cron:session):
localhost pam_unix(cron:session):
localhost pam_unix(cron:session):
localhost pam_unix(cron:session):
localhost pam_unix(cron:session):
localhost pam_unix(cron:session):
localhost pam_unix(cron:session):
localhost pam_unix(cron:session):
localhost pam_unix(cron:session):
localhost pam_unix(cron:session):
localhost pam_unix(cron:session):
localhost pam_unix(cron:session):
localhost pam_unix(cron:session):
localhost pam_unix(cron:session):
localhost pam_unix(cron:session):
localhost pam_unix(cron:session):
localhost pam_unix(cron:session):
localhost pam_unix(cron:session):
localhost pam_unix(cron:session):
localhost pam_unix(cron:session):
localhost pam_unix(cron:session):
localhost pam_unix(cron:session):
localhost pam_unix(cron:session):
localhost pam_unix(cron:session):
localhost pam_unix(cron:session):
localhost pam_unix(cron:session):
localhost pam_unix(cron:session):
localhost pam_unix(cron:session):
localhost pam_unix(cron:session):
localhost pam_unix(cron:session):
localhost pam_unix(cron:session):
localhost pam_unix(cron:session):
localhost pam_unix(cron:session):
localhost pam_unix(cron:session):
localhost pam_unix(cron:session):
localhost pam_unix(cron:session):
localhost pam_unix(cron:session):
localhost pam_unix(cron:session):
localhost pam_unix(cron:session):
localhost pam_unix(cron:session):
localhost pam_unix(cron:session):
localhost pam_unix(cron:session):
localhost pam_unix(cron:session):
localhost pam_unix(cron:session):
localhost pam_unix(cron:session):
localhost Server
localhost Server
localhost Accepted
localhost pam_unix(sshd:session):
localhost New
localhost pam_unix(systemd-user:session):
localhost pam_unix(cron:session):
localhost pam_unix(cron:session):
localhost pam_unix(sshd:session):
localhost Session
localhost Removed
localhost pam_unix(systemd-user:session):
localhost pam_unix(cron:session):
localhost pam_unix(cron:session):
localhost Accepted
localhost pam_unix(sshd:session):
localhost New
localhost pam_unix(systemd-user:session):
localhost pam_unix(cron:session):
localhost pam_unix(cron:session):
localhost pam_unix(cron:session):
localhost pam_unix(cron:session):
localhost pam_unix(cron:session):
localhost pam_unix(cron:session):
localhost pam_unix(cron:session):
localhost pam_unix(cron:session):
localhost pam_unix(cron:session):
localhost pam_unix(cron:session):
localhost pam_unix(cron:session):
localhost pam_unix(cron:session):
localhost pam_unix(cron:session):
localhost pam_unix(cron:session):
localhost pam_unix(cron:session):
localhost pam_unix(cron:session):
localhost pam_unix(cron:session):
localhost pam_unix(cron:session):
localhost pam_unix(cron:session):
localhost pam_unix(cron:session):
localhost pam_unix(cron:session):
localhost pam_unix(cron:session):
localhost pam_unix(cron:session):
localhost pam_unix(cron:session):
eltex-practice2-v1 Loading
eltex-practice2-v1 Loading
eltex-practice2-v1 Finished
eltex-practice2-v1 Acquired
eltex-practice2-v1 Loading
eltex-practice2-v1 Loading
eltex-practice2-v1 Finished
eltex-practice2-v1 Acquired
eltex-practice2-v1 pam_unix(sshd:session):
eltex-practice2-v1 Session
eltex-practice2-v1 Removed
eltex-practice2-v1 pam_unix(cron:session):
eltex-practice2-v1 pam_unix(cron:session):
eltex-practice2-v1 pam_unix(cron:session):
eltex-practice2-v1 pam_unix(cron:session):
eltex-practice2-v1 pam_unix(cron:session):
eltex-practice2-v1 pam_unix(cron:session):
eltex-practice2-v1 pam_unix(cron:session):
eltex-practice2-v1 pam_unix(cron:session):
eltex-practice2-v1 pam_unix(cron:session):
eltex-practice2-v1 pam_unix(cron:session):
eltex-practice2-v1 pam_unix(cron:session):
eltex-practice2-v1 pam_unix(cron:session):
eltex-practice2-v1 pam_unix(cron:session):
eltex-practice2-v1 pam_unix(cron:session):
eltex-practice2-v1 pam_unix(cron:session):
eltex-practice2-v1 pam_unix(cron:session):
eltex-practice2-v1 pam_unix(cron:session):
eltex-practice2-v1 pam_unix(cron:session):
eltex-practice2-v1 pam_unix(cron:session):
eltex-practice2-v1 pam_unix(cron:session):
eltex-practice2-v1 pam_unix(cron:session):
eltex-practice2-v1 pam_unix(cron:session):
eltex-practice2-v1 pam_unix(cron:session):
eltex-practice2-v1 pam_unix(cron:session):
eltex-practice2-v1 pam_unix(cron:session):
eltex-practice2-v1 pam_unix(cron:session):
eltex-practice2-v1 pam_unix(cron:session):
eltex-practice2-v1 pam_unix(cron:session):
eltex-practice2-v1 pam_unix(cron:session):
eltex-practice2-v1 pam_unix(cron:session):
eltex-practice2-v1 pam_unix(cron:session):
eltex-practice2-v1 pam_unix(cron:session):
eltex-practice2-v1 pam_unix(cron:session):
eltex-practice2-v1 pam_unix(cron:session):
eltex-practice2-v1 pam_unix(cron:session):
eltex-practice2-v1 pam_unix(cron:session):
eltex-practice2-v1 pam_unix(cron:session):
eltex-practice2-v1 pam_unix(cron:session):
eltex-practice2-v1 pam_unix(cron:session):
eltex-practice2-v1 pam_unix(cron:session):
eltex-practice2-v1 pam_unix(cron:session):
eltex-practice2-v1 pam_unix(cron:session):
eltex-practice2-v1 pam_unix(cron:session):
eltex-practice2-v1 pam_unix(cron:session):
eltex-practice2-v1 pam_unix(cron:session):
eltex-practice2-v1 pam_unix(cron:session):
eltex-practice2-v1 pam_unix(cron:session):
eltex-practice2-v1 pam_unix(cron:session):
eltex-practice2-v1 pam_unix(cron:session):
eltex-practice2-v1 pam_unix(cron:session):
eltex-practice2-v1 pam_unix(cron:session):
eltex-practice2-v1 pam_unix(cron:session):
eltex-practice2-v1 pam_unix(cron:session):
eltex-practice2-v1 pam_unix(cron:session):
eltex-practice2-v1 pam_unix(cron:session):
eltex-practice2-v1 pam_unix(cron:session):
eltex-practice2-v1 pam_unix(cron:session):
eltex-practice2-v1 pam_unix(cron:session):
eltex-practice2-v1 pam_unix(cron:session):
eltex-practice2-v1 pam_unix(cron:session):
eltex-practice2-v1 pam_unix(cron:session):
eltex-practice2-v1 pam_unix(cron:session):
eltex-practice2-v1 pam_unix(cron:session):
eltex-practice2-v1 pam_unix(cron:session):
eltex-practice2-v1 pam_unix(cron:session):
eltex-practice2-v1 pam_unix(cron:session):
eltex-practice2-v1 pam_unix(cron:session):
eltex-practice2-v1 pam_unix(cron:session):
eltex-practice2-v1 pam_unix(cron:session):
eltex-practice2-v1 pam_unix(cron:session):
eltex-practice2-v1 pam_unix(cron:session):
eltex-practice2-v1 pam_unix(cron:session):
eltex-practice2-v1 pam_unix(cron:session):
eltex-practice2-v1 pam_unix(cron:session):
eltex-practice2-v1 pam_unix(cron:session):
eltex-practice2-v1 pam_unix(cron:session):
eltex-practice2-v1 pam_unix(cron:session):
eltex-practice2-v1 pam_unix(cron:session):
eltex-practice2-v1 pam_unix(cron:session):
eltex-practice2-v1 pam_unix(cron:session):
eltex-practice2-v1 pam_unix(cron:session):
eltex-practice2-v1 pam_unix(cron:session):
eltex-practice2-v1 pam_unix(cron:session):
eltex-practice2-v1 pam_unix(cron:session):
eltex-practice2-v1 pam_unix(cron:session):
eltex-practice2-v1 pam_unix(cron:session):
eltex-practice2-v1 pam_unix(cron:session):
eltex-practice2-v1 pam_unix(cron:session):
eltex-practice2-v1 pam_unix(cron:session):
eltex-practice2-v1 pam_unix(cron:session):
eltex-practice2-v1 pam_unix(cron:session):
eltex-practice2-v1 pam_unix(cron:session):
eltex-practice2-v1 pam_unix(cron:session):
eltex-practice2-v1 pam_unix(cron:session):
eltex-practice2-v1 pam_unix(cron:session):
eltex-practice2-v1 pam_unix(cron:session):
eltex-practice2-v1 pam_unix(cron:session):
eltex-practice2-v1 pam_unix(cron:session):
eltex-practice2-v1 pam_unix(cron:session):
eltex-practice2-v1 pam_unix(cron:session):
eltex-practice2-v1 pam_unix(cron:session):
eltex-practice2-v1 pam_unix(cron:session):
eltex-practice2-v1 pam_unix(cron:session):
eltex-practice2-v1 pam_unix(cron:session):
eltex-practice2-v1 pam_unix(cron:session):
eltex-practice2-v1 pam_unix(cron:session):
eltex-practice2-v1 pam_unix(cron:session):
eltex-practice2-v1 pam_unix(cron:session):
eltex-practice2-v1 pam_unix(cron:session):
eltex-practice2-v1 pam_unix(cron:session):
eltex-practice2-v1 pam_unix(cron:session):
eltex-practice2-v1 pam_unix(cron:session):
eltex-practice2-v1 pam_unix(cron:session):
eltex-practice2-v1 pam_unix(cron:session):
eltex-practice2-v1 pam_unix(cron:session):
eltex-practice2-v1 pam_unix(cron:session):
eltex-practice2-v1 pam_unix(cron:session):
eltex-practice2-v1 pam_unix(cron:session):
eltex-practice2-v1 pam_unix(cron:session):
eltex-practice2-v1 pam_unix(cron:session):
eltex-practice2-v1 pam_unix(cron:session):
eltex-practice2-v1 pam_unix(cron:session):
eltex-practice2-v1 pam_unix(cron:session):
eltex-practice2-v1 pam_unix(cron:session):
eltex-practice2-v1 pam_unix(cron:session):
eltex-practice2-v1 pam_unix(cron:session):
eltex-practice2-v1 pam_unix(cron:session):
eltex-practice2-v1 pam_unix(cron:session):
eltex-practice2-v1 pam_unix(cron:session):
eltex-practice2-v1 pam_unix(cron:session):
eltex-practice2-v1 pam_unix(cron:session):
eltex-practice2-v1 pam_unix(cron:session):
eltex-practice2-v1 pam_unix(cron:session):
eltex-practice2-v1 pam_unix(cron:session):
eltex-practice2-v1 pam_unix(cron:session):
eltex-practice2-v1 pam_unix(cron:session):
eltex-practice2-v1 pam_unix(cron:session):
eltex-practice2-v1 pam_unix(cron:session):
eltex-practice2-v1 pam_unix(cron:session):
eltex-practice2-v1 pam_unix(cron:session):
eltex-practice2-v1 pam_unix(cron:session):
eltex-practice2-v1 pam_unix(cron:session):
eltex-practice2-v1 pam_unix(cron:session):
eltex-practice2-v1 pam_unix(cron:session):
eltex-practice2-v1 pam_unix(cron:session):
eltex-practice2-v1 pam_unix(cron:session):
eltex-practice2-v1 pam_unix(cron:session):
eltex-practice2-v1 pam_unix(cron:session):
eltex-practice2-v1 pam_unix(cron:session):
eltex-practice2-v1 pam_unix(cron:session):
eltex-practice2-v1 pam_unix(cron:session):
eltex-practice2-v1 pam_unix(cron:session):
eltex-practice2-v1 pam_unix(cron:session):
eltex-practice2-v1 pam_unix(cron:session):
eltex-practice2-v1 pam_unix(cron:session):
eltex-practice2-v1 pam_unix(cron:session):
eltex-practice2-v1 pam_unix(cron:session):
eltex-practice2-v1 pam_unix(cron:session):
eltex-practice2-v1 pam_unix(cron:session):
eltex-practice2-v1 pam_unix(cron:session):
eltex-practice2-v1 pam_unix(cron:session):
eltex-practice2-v1 pam_unix(cron:session):
eltex-practice2-v1 pam_unix(cron:session):
eltex-practice2-v1 pam_unix(cron:session):
eltex-practice2-v1 pam_unix(cron:session):
eltex-practice2-v1 pam_unix(cron:session):
eltex-practice2-v1 pam_unix(cron:session):
eltex-practice2-v1 pam_unix(cron:session):
eltex-practice2-v1 pam_unix(cron:session):
eltex-practice2-v1 pam_unix(cron:session):
eltex-practice2-v1 pam_unix(cron:session):
eltex-practice2-v1 pam_unix(cron:session):
eltex-practice2-v1 pam_unix(cron:session):
eltex-practice2-v1 pam_unix(cron:session):
eltex-practice2-v1 pam_unix(cron:session):
eltex-practice2-v1 pam_unix(cron:session):
eltex-practice2-v1 pam_unix(cron:session):
eltex-practice2-v1 pam_unix(cron:session):
eltex-practice2-v1 pam_unix(cron:session):
eltex-practice2-v1 pam_unix(cron:session):
eltex-practice2-v1 pam_unix(cron:session):
eltex-practice2-v1 pam_unix(cron:session):
eltex-practice2-v1 pam_unix(cron:session):
eltex-practice2-v1 pam_unix(cron:session):
eltex-practice2-v1 pam_unix(cron:session):
eltex-practice2-v1 pam_unix(cron:session):
eltex-practice2-v1 pam_unix(cron:session):
eltex-practice2-v1 pam_unix(cron:session):
eltex-practice2-v1 pam_unix(cron:session):
eltex-practice2-v1 pam_unix(cron:session):
eltex-practice2-v1 pam_unix(cron:session):
eltex-practice2-v1 pam_unix(cron:session):
eltex-practice2-v1 pam_unix(cron:session):
eltex-practice2-v1 pam_unix(cron:session):
eltex-practice2-v1 pam_unix(cron:session):
eltex-practice2-v1 pam_unix(cron:session):
eltex-practice2-v1 pam_unix(cron:session):
eltex-practice2-v1 pam_unix(cron:session):
eltex-practice2-v1 pam_unix(cron:session):
eltex-practice2-v1 pam_unix(cron:session):
eltex-practice2-v1 pam_unix(cron:session):
eltex-practice2-v1 pam_unix(cron:session):
eltex-practice2-v1 pam_unix(cron:session):
eltex-practice2-v1 pam_unix(cron:session):
eltex-practice2-v1 pam_unix(cron:session):
eltex-practice2-v1 pam_unix(cron:session):
eltex-practice2-v1 pam_unix(cron:session):
eltex-practice2-v1 pam_unix(cron:session):
eltex-practice2-v1 pam_unix(cron:session):
eltex-practice2-v1 pam_unix(cron:session):
eltex-practice2-v1 pam_unix(cron:session):
eltex-practice2-v1 pam_unix(cron:session):
eltex-practice2-v1 pam_unix(cron:session):
eltex-practice2-v1 pam_unix(cron:session):
eltex-practice2-v1 pam_unix(cron:session):
eltex-practice2-v1 pam_unix(cron:session):
eltex-practice2-v1 pam_unix(cron:session):
eltex-practice2-v1 pam_unix(cron:session):
eltex-practice2-v1 pam_unix(cron:session):
eltex-practice2-v1 pam_unix(cron:session):
eltex-practice2-v1 pam_unix(cron:session):
eltex-practice2-v1 pam_unix(cron:session):
eltex-practice2-v1 pam_unix(cron:session):
eltex-practice2-v1 pam_unix(cron:session):
eltex-practice2-v1 pam_unix(cron:session):
eltex-practice2-v1 pam_unix(cron:session):
eltex-practice2-v1 pam_unix(cron:session):
eltex-practice2-v1 pam_unix(cron:session):
eltex-practice2-v1 pam_unix(cron:session):
eltex-practice2-v1 pam_unix(cron:session):
eltex-practice2-v1 pam_unix(cron:session):
eltex-practice2-v1 pam_unix(cron:session):
eltex-practice2-v1 pam_unix(cron:session):
eltex-practice2-v1 pam_unix(cron:session):
eltex-practice2-v1 pam_unix(cron:session):
eltex-practice2-v1 pam_unix(cron:session):
eltex-practice2-v1 pam_unix(cron:session):
eltex-practice2-v1 pam_unix(cron:session):
eltex-practice2-v1 pam_unix(cron:session):
eltex-practice2-v1 pam_unix(cron:session):
eltex-practice2-v1 pam_unix(cron:session):
eltex-practice2-v1 pam_unix(cron:session):
eltex-practice2-v1 pam_unix(cron:session):
eltex-practice2-v1 pam_unix(cron:session):
eltex-practice2-v1 pam_unix(cron:session):
eltex-practice2-v1 pam_unix(cron:session):
eltex-practice2-v1 pam_unix(cron:session):
eltex-practice2-v1 pam_unix(cron:session):
eltex-practice2-v1 pam_unix(cron:session):
eltex-practice2-v1 pam_unix(cron:session):
eltex-practice2-v1 pam_unix(cron:session):
eltex-practice2-v1 pam_unix(cron:session):
eltex-practice2-v1 pam_unix(cron:session):
eltex-practice2-v1 pam_unix(cron:session):
eltex-practice2-v1 pam_unix(cron:session):
eltex-practice2-v1 pam_unix(cron:session):
eltex-practice2-v1 pam_unix(cron:session):
eltex-practice2-v1 pam_unix(cron:session):
eltex-practice2-v1 pam_unix(cron:session):
eltex-practice2-v1 pam_unix(cron:session):
eltex-practice2-v1 pam_unix(cron:session):
eltex-practice2-v1 pam_unix(cron:session):
eltex-practice2-v1 pam_unix(cron:session):
eltex-practice2-v1 pam_unix(cron:session):
eltex-practice2-v1 pam_unix(cron:session):
eltex-practice2-v1 pam_unix(cron:session):
eltex-practice2-v1 pam_unix(cron:session):
eltex-practice2-v1 pam_unix(cron:session):
eltex-practice2-v1 pam_unix(cron:session):
eltex-practice2-v1 pam_unix(cron:session):
eltex-practice2-v1 pam_unix(cron:session):
eltex-practice2-v1 pam_unix(cron:session):
eltex-practice2-v1 pam_unix(cron:session):
eltex-practice2-v1 pam_unix(cron:session):
eltex-practice2-v1 pam_unix(cron:session):
eltex-practice2-v1 pam_unix(cron:session):
eltex-practice2-v1 pam_unix(cron:session):
eltex-practice2-v1 pam_unix(cron:session):
eltex-practice2-v1 pam_unix(cron:session):
eltex-practice2-v1 pam_unix(cron:session):
eltex-practice2-v1 pam_unix(cron:session):
eltex-practice2-v1 pam_unix(cron:session):
eltex-practice2-v1 pam_unix(cron:session):
eltex-practice2-v1 pam_unix(cron:session):
eltex-practice2-v1 pam_unix(cron:session):
eltex-practice2-v1 pam_unix(cron:session):
eltex-practice2-v1 pam_unix(cron:session):
eltex-practice2-v1 pam_unix(cron:session):
eltex-practice2-v1 pam_unix(cron:session):
eltex-practice2-v1 pam_unix(cron:session):
eltex-practice2-v1 pam_unix(cron:session):
eltex-practice2-v1 pam_unix(cron:session):
eltex-practice2-v1 pam_unix(cron:session):
eltex-practice2-v1 pam_unix(cron:session):
eltex-practice2-v1 pam_unix(cron:session):
eltex-practice2-v1 pam_unix(cron:session):
eltex-practice2-v1 pam_unix(cron:session):
eltex-practice2-v1 pam_unix(cron:session):
eltex-practice2-v1 pam_unix(cron:session):
eltex-practice2-v1 pam_unix(cron:session):
eltex-practice2-v1 Accepted
eltex-practice2-v1 pam_unix(sshd:session):
eltex-practice2-v1 New
eltex-practice2-v1 pam_unix(systemd-user:session):
eltex-practice2-v1 pam_unix(cron:session):
eltex-practice2-v1 pam_unix(cron:session):
eltex-practice2-v1 pam_unix(cron:session):
eltex-practice2-v1 pam_unix(cron:session):
eltex-practice2-v1 pam_unix(cron:session):
eltex-practice2-v1 pam_unix(cron:session):
eltex-practice2-v1 pam_unix(cron:session):
eltex-practice2-v1 pam_unix(cron:session):
eltex-practice2-v1 pam_unix(cron:session):
eltex-practice2-v1 pam_unix(cron:session):
eltex-practice2-v1 pam_unix(cron:session):
eltex-practice2-v1 pam_unix(cron:session):
eltex-practice2-v1 pam_unix(cron:session):
eltex-practice2-v1 pam_unix(cron:session):
eltex-practice2-v1 pam_unix(cron:session):
eltex-practice2-v1 pam_unix(cron:session):
eltex-practice2-v1 pam_unix(cron:session):
eltex-practice2-v1 pam_unix(cron:session):
eltex-practice2-v1 pam_unix(cron:session):
eltex-practice2-v1 pam_unix(cron:session):
eltex-practice2-v1 pam_unix(cron:session):
eltex-practice2-v1 pam_unix(cron:session):
eltex-practice2-v1 pam_unix(cron:session):
eltex-practice2-v1 pam_unix(cron:session):
eltex-practice2-v1 pam_unix(cron:session):
eltex-practice2-v1 pam_unix(cron:session):
eltex-practice2-v1 pam_unix(cron:session):
eltex-practice2-v1 pam_unix(cron:session):
eltex-practice2-v1 pam_unix(cron:session):
eltex-practice2-v1 pam_unix(cron:session):
eltex-practice2-v1 pam_unix(cron:session):
eltex-practice2-v1 pam_unix(cron:session):
eltex-practice2-v1 pam_unix(cron:session):
eltex-practice2-v1 pam_unix(cron:session):
eltex-practice2-v1 pam_unix(sshd:session):
eltex-practice2-v1 Session
eltex-practice2-v1 Removed
eltex-practice2-v1 Accepted
eltex-practice2-v1 pam_unix(sshd:session):
eltex-practice2-v1 New
eltex-practice2-v1 pam_unix(systemd-user:session):
eltex-practice2-v1 pam_unix(cron:session):
eltex-practice2-v1 pam_unix(cron:session):
eltex-practice2-v1 pam_unix(cron:session):
eltex-practice2-v1 pam_unix(cron:session):
eltex-practice2-v1 pam_unix(cron:session):
eltex-practice2-v1 pam_unix(cron:session):
eltex-practice2-v1 pam_unix(cron:session):
eltex-practice2-v1 pam_unix(cron:session):
eltex-practice2-v1 pam_unix(cron:session):
eltex-practice2-v1 pam_unix(cron:session):
eltex-practice2-v1 pam_unix(cron:session):
eltex-practice2-v1 pam_unix(cron:session):
eltex-practice2-v1 pam_unix(cron:session):
eltex-practice2-v1 pam_unix(cron:session):
eltex-practice2-v1 pam_unix(cron:session):
eltex-practice2-v1 pam_unix(cron:session):
eltex-practice2-v1 pam_unix(cron:session):
eltex-practice2-v1 pam_unix(cron:session):
eltex-practice2-v1 pam_unix(cron:session):
eltex-practice2-v1 pam_unix(cron:session):
