commit 46bff85b8bc8f223d6c873a95cb99da373ee6677
Author: RickLater0 <n.ablamskiy@yandex.ru>
Date:   Sun Jul 12 05:51:15 2026 +0000

    gitignore. upd part3 log

commit e0a13a38eaf01686bda11bb594a5c60420840577
Author: RickLater0 <n.ablamskiy@yandex.ru>
Date:   Sun Jul 12 05:39:02 2026 +0000

    upd part3

commit de6bc135c8b3d5b6bf72150bfb41a4323d0007a5
Author: RickLater0 <n.ablamskiy@yandex.ru>
Date:   Sun Jul 12 05:28:08 2026 +0000

    pdf через scp

commit 9cf538bed7ac7e839ae444cb6d2a7ec4cffd1d59
Author: RickLater0 <n.ablamskiy@yandex.ru>
Date:   Sun Jul 12 05:19:22 2026 +0000

    Коммит после клонирования

commit 38625036379ed4ff696072dd9c9841ddd2916242
Author: Rick <81463470+RickLater0@users.noreply.github.com>
Date:   Sun Jul 12 12:29:31 2026 +0700

    Delete module1/task1/1-2.pdf

commit c370f56779c99255a0af73233bb541e133b2b788
Author: Rick <81463470+RickLater0@users.noreply.github.com>
Date:   Sun Jul 12 12:29:22 2026 +0700

    Delete module1/task1/1-1.pdf

commit b4a656b43464364b6b5032812b933fe3d3a82520
Author: Rick <81463470+RickLater0@users.noreply.github.com>
Date:   Sun Jul 12 11:24:07 2026 +0700

    Add files via upload

commit 12b953d9d3bd479feaf0b305c282b4182dc14596
Author: RickLater0 <n.ablamskiy@yandex.ru>
Date:   Sun Jul 12 04:21:49 2026 +0000

    Добавлены все файлы за практики, кроме pdf

commit 67ebfb78727c580d9d9e1bf3ffc3d5b9aa96fb14
Author: RickLater0 <n.ablamskiy@yandex.ru>
Date:   Sun Jul 12 04:03:56 2026 +0000

    Удаление папки?

commit 094e132f86b0d941ac2cdbe07027f8d3210fcb56
Author: RickLater0 <n.ablamskiy@yandex.ru>
Date:   Sun Jul 12 04:01:00 2026 +0000

    Добавлены файлы второй практики

commit c80e8e835441115825424ecb195e8c9482076b78
Author: RickLater0 <n.ablamskiy@yandex.ru>
Date:   Sat Jul 11 12:37:56 2026 +0000

    first commit

commit cb9b21ad8fabf992ca82fa51d289912edf952117
Author: RickLater0 <n.ablamskiy@yandex.ru>
Date:   Sat Jul 11 12:33:17 2026 +0000

    first commit
